── Attaching core tidyverse packages ──────────────────────── tidyverse 2.0.0 ──
✔ dplyr     1.1.0     ✔ readr     2.1.4
✔ forcats   1.0.0     ✔ stringr   1.5.0
✔ ggplot2   3.4.1     ✔ tibble    3.2.0
✔ lubridate 1.9.2     ✔ tidyr     1.3.0
✔ purrr     1.0.1     
── Conflicts ────────────────────────────────────────── tidyverse_conflicts() ──
✖ dplyr::filter() masks stats::filter()
✖ dplyr::lag()    masks stats::lag()
ℹ Use the conflicted package (<http://conflicted.r-lib.org/>) to force all conflicts to become errors
Loading required package: proxy

Attaching package: ‘proxy’

The following objects are masked from ‘package:stats’:

    as.dist, dist

The following object is masked from ‘package:base’:

    as.matrix

Loading required package: survey
Loading required package: grid
Loading required package: Matrix

Attaching package: ‘Matrix’

The following objects are masked from ‘package:tidyr’:

    expand, pack, unpack

Loading required package: survival

Attaching package: ‘survey’

The following object is masked from ‘package:graphics’:

    dotchart

Loading required package: lpSolve
Loading required package: zoo

Attaching package: ‘zoo’

The following objects are masked from ‘package:base’:

    as.Date, as.Date.numeric

mixtools package, version 2.0.0, Released 2022-12-04
This package is based upon work supported by the National Science Foundation under Grant No. SES-0518772 and the Chan Zuckerberg Initiative: Essential Open Source Software for Science (Grant No. 2020-255193).


Attaching package: ‘mixtools’

The following object is masked from ‘package:grid’:

    depth

Loading required package: startupmsg
:startupmsg>  Utilities for Start-Up Messages (version 0.9.6)
:startupmsg> 
:startupmsg>  For more information see ?"startupmsg",
:startupmsg>  NEWS("startupmsg")

Loading required package: sfsmisc

Attaching package: ‘sfsmisc’

The following object is masked from ‘package:dplyr’:

    last

:distr>  Object Oriented Implementation of Distributions (version
:distr>  2.9.1)
:distr> 
:distr>  Attention: Arithmetics on distribution objects are
:distr>  understood as operations on corresponding random variables
:distr>  (r.v.s); see distrARITH().
:distr> 
:distr>  Some functions from package 'stats' are intentionally masked
:distr>  ---see distrMASK().
:distr> 
:distr>  Note that global options are controlled by distroptions()
:distr>  ---c.f. ?"distroptions".
:distr> 
:distr>  For more information see ?"distr", NEWS("distr"), as well as
:distr>    http://distr.r-forge.r-project.org/
:distr>  Package "distrDoc" provides a vignette to this package as
:distr>  well as to several extension packages; try
:distr>  vignette("distr").


Attaching package: ‘distr’

The following object is masked from ‘package:mixtools’:

    lambda

The following objects are masked from ‘package:dplyr’:

    location, n

The following objects are masked from ‘package:stats’:

    df, qqplot, sd

slurmstepd: error: *** JOB 809096 ON cls-cmp-e3-1 CANCELLED AT 2024-06-06T10:11:55 ***
